<?xml version="1.0" encoding="UTF-8"?>
<!-- Generated by org.testng.reporters.JUnitXMLReporter -->
<testsuite hostname="DESKTOP-4CN1S37" name="Default test" tests="4" failures="0" timestamp="7 Jul 2019 03:14:38 GMT" time="68.955" errors="0">
  <testcase name="feature" time="14.2" classname="php.runner.PhpRunner$phprunner"/>
  <testcase name="feature" time="10.894" classname="php.runner.PhpRunner$phprunner"/>
  <testcase name="feature" time="18.876" classname="php.runner.PhpRunner$phprunner"/>
  <testcase name="feature" time="24.538" classname="php.runner.PhpRunner$phprunner"/>
</testsuite> <!-- Default test -->
