<?xml version="1.0" encoding="UTF-8"?>
<!-- Generated by org.testng.reporters.JUnitXMLReporter -->
<testsuite hostname="DESKTOP-4CN1S37" name="Default test" tests="4" failures="0" timestamp="7 Jul 2019 04:54:22 GMT" time="77.959" errors="0">
  <testcase name="feature" time="18.614" classname="php.runner.PhpRunner$phprunner"/>
  <testcase name="feature" time="14.492" classname="php.runner.PhpRunner$phprunner"/>
  <testcase name="feature" time="20.704" classname="php.runner.PhpRunner$phprunner"/>
  <testcase name="feature" time="23.656" classname="php.runner.PhpRunner$phprunner"/>
</testsuite> <!-- Default test -->
