<?xml version="1.0" encoding="UTF-8"?>
<testng-results skipped="0" failed="0" total="4" passed="4">
  <reporter-output>
  </reporter-output>
  <suite name="Default suite" duration-ms="77959" started-at="2019-07-07T04:53:04Z" finished-at="2019-07-07T04:54:22Z">
    <groups>
      <group name="cucumber">
        <method signature="AbstractTestNGCucumberTests.feature(cucumber.api.testng.CucumberFeatureWrapper)[pri:0, instance:php.runner.PhpRunner$phprunner@754ba872]" name="feature" class="cucumber.api.testng.AbstractTestNGCucumberTests"/>
      </group> <!-- cucumber -->
    </groups>
    <test name="Default test" duration-ms="77959" started-at="2019-07-07T04:53:04Z" finished-at="2019-07-07T04:54:22Z">
      <class name="php.runner.PhpRunner$phprunner">
        <test-method status="PASS" signature="setUpClass()[pri:0, instance:php.runner.PhpRunner$phprunner@754ba872]" name="setUpClass" is-config="true" duration-ms="156" started-at="2019-07-07T00:53:04Z" finished-at="2019-07-07T00:53:04Z">
          <reporter-output>
          </reporter-output>
        </test-method> <!-- setUpClass -->
        <test-method status="PASS" signature="feature(cucumber.api.testng.CucumberFeatureWrapper)[pri:0, instance:php.runner.PhpRunner$phprunner@754ba872]" name="feature" duration-ms="18614" started-at="2019-07-07T00:53:04Z" description="Runs Cucumber Feature" data-provider="features" finished-at="2019-07-07T00:53:23Z">
          <params>
            <param index="0">
              <value>
                <![CDATA[Blog button features and informations collections]]>
              </value>
            </param>
          </params>
          <reporter-output>
          </reporter-output>
        </test-method> <!-- feature -->
        <test-method status="PASS" signature="feature(cucumber.api.testng.CucumberFeatureWrapper)[pri:0, instance:php.runner.PhpRunner$phprunner@754ba872]" name="feature" duration-ms="14492" started-at="2019-07-07T00:53:23Z" description="Runs Cucumber Feature" data-provider="features" finished-at="2019-07-07T00:53:37Z">
          <params>
            <param index="0">
              <value>
                <![CDATA[Signup page's activities testing and it's  functionalities]]>
              </value>
            </param>
          </params>
          <reporter-output>
          </reporter-output>
        </test-method> <!-- feature -->
        <test-method status="PASS" signature="feature(cucumber.api.testng.CucumberFeatureWrapper)[pri:0, instance:php.runner.PhpRunner$phprunner@754ba872]" name="feature" duration-ms="20704" started-at="2019-07-07T00:53:37Z" description="Runs Cucumber Feature" data-provider="features" finished-at="2019-07-07T00:53:58Z">
          <params>
            <param index="0">
              <value>
                <![CDATA[php Login Feature]]>
              </value>
            </param>
          </params>
          <reporter-output>
          </reporter-output>
        </test-method> <!-- feature -->
        <test-method status="PASS" signature="feature(cucumber.api.testng.CucumberFeatureWrapper)[pri:0, instance:php.runner.PhpRunner$phprunner@754ba872]" name="feature" duration-ms="23656" started-at="2019-07-07T00:53:58Z" description="Runs Cucumber Feature" data-provider="features" finished-at="2019-07-07T00:54:21Z">
          <params>
            <param index="0">
              <value>
                <![CDATA[Offer button's features and it's informations]]>
              </value>
            </param>
          </params>
          <reporter-output>
          </reporter-output>
        </test-method> <!-- feature -->
        <test-method status="PASS" signature="writeExtentReport()[pri:0, instance:php.runner.PhpRunner$phprunner@754ba872]" name="writeExtentReport" is-config="true" duration-ms="32" started-at="2019-07-07T00:54:21Z" finished-at="2019-07-07T00:54:21Z">
          <reporter-output>
          </reporter-output>
        </test-method> <!-- writeExtentReport -->
        <test-method status="PASS" signature="tearDownClass()[pri:0, instance:php.runner.PhpRunner$phprunner@754ba872]" name="tearDownClass" is-config="true" duration-ms="226" started-at="2019-07-07T00:54:21Z" finished-at="2019-07-07T00:54:22Z">
          <reporter-output>
          </reporter-output>
        </test-method> <!-- tearDownClass -->
      </class> <!-- php.runner.PhpRunner$phprunner -->
    </test> <!-- Default test -->
  </suite> <!-- Default suite -->
</testng-results>
