<?xml version="1.0" encoding="UTF-8"?>
<testng-results skipped="0" failed="0" total="4" passed="4">
  <reporter-output>
  </reporter-output>
  <suite name="Default suite" duration-ms="68955" started-at="2019-07-07T03:13:29Z" finished-at="2019-07-07T03:14:38Z">
    <groups>
      <group name="cucumber">
        <method signature="AbstractTestNGCucumberTests.feature(cucumber.api.testng.CucumberFeatureWrapper)[pri:0, instance:php.runner.PhpRunner$phprunner@754ba872]" name="feature" class="cucumber.api.testng.AbstractTestNGCucumberTests"/>
      </group> <!-- cucumber -->
    </groups>
    <test name="Default test" duration-ms="68955" started-at="2019-07-07T03:13:29Z" finished-at="2019-07-07T03:14:38Z">
      <class name="php.runner.PhpRunner$phprunner">
        <test-method status="PASS" signature="setUpClass()[pri:0, instance:php.runner.PhpRunner$phprunner@754ba872]" name="setUpClass" is-config="true" duration-ms="140" started-at="2019-07-06T23:13:29Z" finished-at="2019-07-06T23:13:30Z">
          <reporter-output>
          </reporter-output>
        </test-method> <!-- setUpClass -->
        <test-method status="PASS" signature="feature(cucumber.api.testng.CucumberFeatureWrapper)[pri:0, instance:php.runner.PhpRunner$phprunner@754ba872]" name="feature" duration-ms="14200" started-at="2019-07-06T23:13:30Z" description="Runs Cucumber Feature" data-provider="features" finished-at="2019-07-06T23:13:44Z">
          <params>
            <param index="0">
              <value>
                <![CDATA[Blog button features and informations collections]]>
              </value>
            </param>
          </params>
          <reporter-output>
          </reporter-output>
        </test-method> <!-- feature -->
        <test-method status="PASS" signature="feature(cucumber.api.testng.CucumberFeatureWrapper)[pri:0, instance:php.runner.PhpRunner$phprunner@754ba872]" name="feature" duration-ms="10894" started-at="2019-07-06T23:13:44Z" description="Runs Cucumber Feature" data-provider="features" finished-at="2019-07-06T23:13:55Z">
          <params>
            <param index="0">
              <value>
                <![CDATA[Signup page's activities testing and it's  functionalities]]>
              </value>
            </param>
          </params>
          <reporter-output>
          </reporter-output>
        </test-method> <!-- feature -->
        <test-method status="PASS" signature="feature(cucumber.api.testng.CucumberFeatureWrapper)[pri:0, instance:php.runner.PhpRunner$phprunner@754ba872]" name="feature" duration-ms="18876" started-at="2019-07-06T23:13:55Z" description="Runs Cucumber Feature" data-provider="features" finished-at="2019-07-06T23:14:14Z">
          <params>
            <param index="0">
              <value>
                <![CDATA[php Login Feature]]>
              </value>
            </param>
          </params>
          <reporter-output>
          </reporter-output>
        </test-method> <!-- feature -->
        <test-method status="PASS" signature="feature(cucumber.api.testng.CucumberFeatureWrapper)[pri:0, instance:php.runner.PhpRunner$phprunner@754ba872]" name="feature" duration-ms="24538" started-at="2019-07-06T23:14:14Z" description="Runs Cucumber Feature" data-provider="features" finished-at="2019-07-06T23:14:38Z">
          <params>
            <param index="0">
              <value>
                <![CDATA[Offer button's features and it's informations]]>
              </value>
            </param>
          </params>
          <reporter-output>
          </reporter-output>
        </test-method> <!-- feature -->
        <test-method status="PASS" signature="writeExtentReport()[pri:0, instance:php.runner.PhpRunner$phprunner@754ba872]" name="writeExtentReport" is-config="true" duration-ms="15" started-at="2019-07-06T23:14:38Z" finished-at="2019-07-06T23:14:38Z">
          <reporter-output>
          </reporter-output>
        </test-method> <!-- writeExtentReport -->
        <test-method status="PASS" signature="tearDownClass()[pri:0, instance:php.runner.PhpRunner$phprunner@754ba872]" name="tearDownClass" is-config="true" duration-ms="229" started-at="2019-07-06T23:14:38Z" finished-at="2019-07-06T23:14:38Z">
          <reporter-output>
          </reporter-output>
        </test-method> <!-- tearDownClass -->
      </class> <!-- php.runner.PhpRunner$phprunner -->
    </test> <!-- Default test -->
  </suite> <!-- Default suite -->
</testng-results>
